<?xml version="1.0" encoding="UTF-8"?>
<testng-results ignored="0" total="1" passed="1" failed="0" skipped="0">
  <reporter-output>
  </reporter-output>
  <suite started-at="2023-11-26T22:44:56 IST" name="Default suite" finished-at="2023-11-26T22:45:17 IST" duration-ms="20937">
    <groups>
    </groups>
    <test started-at="2023-11-26T22:44:56 IST" name="Default test" finished-at="2023-11-26T22:45:17 IST" duration-ms="20937">
      <class name="pramoddutta.Diwali">
        <test-method is-config="true" signature="openbrowser()[pri:0, instance:pramoddutta.Diwali@222545dc]" started-at="2023-11-26T22:44:56 IST" name="openbrowser" finished-at="2023-11-26T22:45:09 IST" duration-ms="13200" status="PASS">
          <reporter-output>
          </reporter-output>
        </test-method> <!-- openbrowser -->
        <test-method signature="Testcase()[pri:0, instance:pramoddutta.Diwali@222545dc]" started-at="2023-11-26T22:45:09 IST" name="Testcase" finished-at="2023-11-26T22:45:17 IST" duration-ms="7191" status="PASS">
          <reporter-output>
          </reporter-output>
        </test-method> <!-- Testcase -->
        <test-method is-config="true" signature="closebrowser()[pri:0, instance:pramoddutta.Diwali@222545dc]" started-at="2023-11-26T22:45:17 IST" name="closebrowser" finished-at="2023-11-26T22:45:17 IST" duration-ms="372" status="PASS">
          <reporter-output>
          </reporter-output>
        </test-method> <!-- closebrowser -->
      </class> <!-- pramoddutta.Diwali -->
    </test> <!-- Default test -->
  </suite> <!-- Default suite -->
</testng-results>
