<?xml version="1.0" encoding="UTF-8"?>
<testng-results ignored="0" total="1" passed="1" failed="0" skipped="0">
  <reporter-output>
  </reporter-output>
  <suite started-at="2023-11-16T23:36:26 IST" name="Suite" finished-at="2023-11-16T23:36:42 IST" duration-ms="16274">
    <groups>
    </groups>
    <test started-at="2023-11-16T23:36:26 IST" name="NegativeTest" finished-at="2023-11-16T23:36:42 IST" duration-ms="16274">
      <class name="pramoddutta.Dutta1">
        <test-method signature="NegativeTC()[pri:0, instance:pramoddutta.Dutta1@62150f9e]" started-at="2023-11-16T23:36:26 IST" name="NegativeTC" finished-at="2023-11-16T23:36:42 IST" duration-ms="16219" status="PASS">
          <reporter-output>
          </reporter-output>
        </test-method> <!-- NegativeTC -->
      </class> <!-- pramoddutta.Dutta1 -->
    </test> <!-- NegativeTest -->
  </suite> <!-- Suite -->
</testng-results>
