<?xml version="1.0" encoding="UTF-8"?>
<testng-results ignored="0" total="1" passed="1" failed="0" skipped="0">
  <reporter-output>
  </reporter-output>
  <suite started-at="2023-11-19T13:21:09 IST" name="Suite" finished-at="2023-11-19T13:21:22 IST" duration-ms="12556">
    <groups>
    </groups>
    <test started-at="2023-11-19T13:21:09 IST" name="NegativeTest" finished-at="2023-11-19T13:21:22 IST" duration-ms="12556">
      <class name="pramoddutta.Dutta1">
        <test-method is-config="true" signature="openbrowser()[pri:0, instance:pramoddutta.Dutta1@222545dc]" started-at="2023-11-19T13:21:09 IST" name="openbrowser" finished-at="2023-11-19T13:21:18 IST" duration-ms="8482" status="PASS">
          <reporter-output>
          </reporter-output>
        </test-method> <!-- openbrowser -->
        <test-method signature="NegativeTC()[pri:0, instance:pramoddutta.Dutta1@222545dc]" started-at="2023-11-19T13:21:18 IST" name="NegativeTC" finished-at="2023-11-19T13:21:22 IST" duration-ms="3558" status="PASS">
          <reporter-output>
          </reporter-output>
        </test-method> <!-- NegativeTC -->
        <test-method is-config="true" signature="closebrowser()[pri:0, instance:pramoddutta.Dutta1@222545dc]" started-at="2023-11-19T13:21:22 IST" name="closebrowser" finished-at="2023-11-19T13:21:22 IST" duration-ms="446" status="PASS">
          <reporter-output>
          </reporter-output>
        </test-method> <!-- closebrowser -->
      </class> <!-- pramoddutta.Dutta1 -->
    </test> <!-- NegativeTest -->
  </suite> <!-- Suite -->
</testng-results>
